0 info it worked if it ends with ok
1 verbose cli [ 'C:\\Program Files\\nodejs\\node.exe',
1 verbose cli   'C:\\Program Files\\nodejs\\node_modules\\npm\\bin\\npm-cli.js',
1 verbose cli   'run',
1 verbose cli   'generate-html' ]
2 info using npm@3.9.3
3 info using node@v6.2.1
4 verbose run-script [ 'pregenerate-html', 'generate-html', 'postgenerate-html' ]
5 info lifecycle kjmlaw@1.0.0~pregenerate-html: kjmlaw@1.0.0
6 silly lifecycle kjmlaw@1.0.0~pregenerate-html: no script for pregenerate-html, continuing
7 info lifecycle kjmlaw@1.0.0~generate-html: kjmlaw@1.0.0
8 verbose lifecycle kjmlaw@1.0.0~generate-html: unsafe-perm in lifecycle true
9 verbose lifecycle kjmlaw@1.0.0~generate-html: PATH: C:\Program Files\nodejs\node_modules\npm\bin\node-gyp-bin;C:\Users\Jane\Websites\website-mockup\node_modules\.bin;C:\Program Files\nodejs;C:\Program Files (x86)\Intel\iCLS Client\;C:\Program Files\Intel\iCLS Client\;C:\Windows\system32;C:\Windows;C:\Windows\System32\Wbem;C:\Windows\System32\WindowsPowerShell\v1.0\;C:\Program Files\Intel\Intel(R) Management Engine Components\DAL;C:\Program Files\Intel\Intel(R) Management Engine Components\IPT;C:\Program Files (x86)\Intel\Intel(R) Management Engine Components\DAL;C:\Program Files (x86)\Intel\Intel(R) Management Engine Components\IPT;C:\Program Files\Intel\WiFi\bin\;C:\Program Files\Common Files\Intel\WirelessCommon\;C:\Program Files\Lenovo\Fingerprint Manager Pro\;C:\Program Files (x86)\Common Files\Lenovo;C:\Program Files (x86)\Common Files\lenovo\easyplussdk\bin;C:\ProgramData\Lenovo\ReadyApps;C:\Program Files (x86)\Heroku\bin;C:\Program Files (x86)\git\cmd;C:\Program Files\nodejs\;C:\Program Files\Git\cmd;C:\Program Files (x86)\Gpg4win\..\GnuPG\bin;C:\Users\Jane\AppData\Roaming\npm
10 verbose lifecycle kjmlaw@1.0.0~generate-html: CWD: C:\Users\Jane\Websites\website-mockup
11 silly lifecycle kjmlaw@1.0.0~generate-html: Args: [ '/d /s /c', 'node scripts/generate-html.js' ]
12 silly lifecycle kjmlaw@1.0.0~generate-html: Returned: code: 1  signal: null
13 info lifecycle kjmlaw@1.0.0~generate-html: Failed to exec generate-html script
14 verbose stack Error: kjmlaw@1.0.0 generate-html: `node scripts/generate-html.js`
14 verbose stack Exit status 1
14 verbose stack     at EventEmitter.<anonymous> (C:\Program Files\nodejs\node_modules\npm\lib\utils\lifecycle.js:245:16)
14 verbose stack     at emitTwo (events.js:106:13)
14 verbose stack     at EventEmitter.emit (events.js:191:7)
14 verbose stack     at ChildProcess.<anonymous> (C:\Program Files\nodejs\node_modules\npm\lib\utils\spawn.js:24:14)
14 verbose stack     at emitTwo (events.js:106:13)
14 verbose stack     at ChildProcess.emit (events.js:191:7)
14 verbose stack     at maybeClose (internal/child_process.js:852:16)
14 verbose stack     at Process.ChildProcess._handle.onexit (internal/child_process.js:215:5)
15 verbose pkgid kjmlaw@1.0.0
16 verbose cwd C:\Users\Jane\Websites\website-mockup
17 error Windows_NT 6.1.7601
18 error argv "C:\\Program Files\\nodejs\\node.exe" "C:\\Program Files\\nodejs\\node_modules\\npm\\bin\\npm-cli.js" "run" "generate-html"
19 error node v6.2.1
20 error npm  v3.9.3
21 error code ELIFECYCLE
22 error kjmlaw@1.0.0 generate-html: `node scripts/generate-html.js`
22 error Exit status 1
23 error Failed at the kjmlaw@1.0.0 generate-html script 'node scripts/generate-html.js'.
23 error Make sure you have the latest version of node.js and npm installed.
23 error If you do, this is most likely a problem with the kjmlaw package,
23 error not with npm itself.
23 error Tell the author that this fails on your system:
23 error     node scripts/generate-html.js
23 error You can get information on how to open an issue for this project with:
23 error     npm bugs kjmlaw
23 error Or if that isn't available, you can get their info via:
23 error     npm owner ls kjmlaw
23 error There is likely additional logging output above.
24 verbose exit [ 1, true ]
